16:46:49: Creating resource group General
16:46:49: Creating resource group Internal
16:46:49: Creating resource group Autodetect
16:46:49: SceneManagerFactory for type 'DefaultSceneManager' registered.
16:46:49: Registering ResourceManager for type Material
16:46:49: Registering ResourceManager for type Mesh
16:46:49: Registering ResourceManager for type Skeleton
16:46:49: MovableObjectFactory for type 'ParticleSystem' registered.
16:46:49: ArchiveFactory for archive type FileSystem registered.
16:46:49: ArchiveFactory for archive type Zip registered.
16:46:49: ArchiveFactory for archive type EmbeddedZip registered.
16:46:49: DDS codec registering
16:46:49: FreeImage version: 3.15.3
16:46:49: This program uses FreeImage, a free, open source image library supporting all common bitmap formats. See http://freeimage.sourceforge.net for details
16:46:49: Supported formats: bmp,ico,jpg,jif,jpeg,jpe,jng,koa,iff,lbm,mng,pbm,pbm,pcd,pcx,pgm,pgm,png,ppm,ppm,ras,tga,targa,tif,tiff,wap,wbmp,wbm,psd,cut,xbm,xpm,gif,hdr,g3,sgi,exr,j2k,j2c,jp2,pfm,pct,pict,pic
16:46:49: Registering ResourceManager for type HighLevelGpuProgram
16:46:49: Registering ResourceManager for type Compositor
16:46:49: MovableObjectFactory for type 'Entity' registered.
16:46:49: MovableObjectFactory for type 'Light' registered.
16:46:49: MovableObjectFactory for type 'BillboardSet' registered.
16:46:49: MovableObjectFactory for type 'ManualObject' registered.
16:46:49: MovableObjectFactory for type 'BillboardChain' registered.
16:46:49: MovableObjectFactory for type 'RibbonTrail' registered.
16:46:49: OGRE EXCEPTION(6:FileNotFoundException): 'plugins.cfg' file not found! in ConfigFile::load at /home/chengjiang/Softwares/ogre/OgreMain/src/OgreConfigFile.cpp (line 88)
16:46:49: plugins.cfg not found, automatic plugin loading disabled.
16:46:49: *-*-* OGRE Initialising
16:46:49: *-*-* Version 1.10.0unstable (Xalafu)
16:46:50: Compiler error: invalid parameters in (10): anistropic not supported as first argument (must be "none", "bilinear", "trilinear", or "anisotropic")
